{"C:\\Users\\DBZ\\Desktop\\Codex Academy\\full-stack-project-4\\b-movies-server\\knexfile.js": {"path":"C:\\Users\\DBZ\\Desktop\\Codex Academy\\full-stack-project-4\\b-movies-server\\knexfile.js","statementMap":{"0":{"start":{"line":2,"column":0},"end":{"line":2,"column":27}},"1":{"start":{"line":4,"column":0},"end":{"line":64,"column":2}}},"fnMap":{},"branchMap":{},"s":{"0":3,"1":3},"f":{},"b":{},"_coverageSchema":"1a1c01bbd47fc00a2c39e90264f33305004495a9","hash":"96420c7a345a1999a011041a23d1c8941930dbf1"}
,"C:\\Users\\DBZ\\Desktop\\Codex Academy\\full-stack-project-4\\b-movies-server\\DAO\\authDAO.js": {"path":"C:\\Users\\DBZ\\Desktop\\Codex Academy\\full-stack-project-4\\b-movies-server\\DAO\\authDAO.js","statementMap":{"0":{"start":{"line":1,"column":40},"end":{"line":1,"column":59}},"1":{"start":{"line":2,"column":11},"end":{"line":2,"column":23}},"2":{"start":{"line":5,"column":32},"end":{"line":5,"column":39}},"3":{"start":{"line":6,"column":24},"end":{"line":11,"column":21}},"4":{"start":{"line":12,"column":4},"end":{"line":12,"column":41}},"5":{"start":{"line":13,"column":4},"end":{"line":13,"column":21}},"6":{"start":{"line":16,"column":19},"end":{"line":19,"column":36}},"7":{"start":{"line":20,"column":4},"end":{"line":20,"column":16}},"8":{"start":{"line":23,"column":0},"end":{"line":23,"column":31}}},"fnMap":{"0":{"name":"(anonymous_0)","decl":{"start":{"line":4,"column":2},"end":{"line":4,"column":3}},"loc":{"start":{"line":4,"column":30},"end":{"line":14,"column":3}},"line":4},"1":{"name":"(anonymous_1)","decl":{"start":{"line":15,"column":2},"end":{"line":15,"column":3}},"loc":{"start":{"line":15,"column":25},"end":{"line":21,"column":3}},"line":15}},"branchMap":{},"s":{"0":1,"1":1,"2":0,"3":0,"4":0,"5":0,"6":0,"7":0,"8":1},"f":{"0":0,"1":0},"b":{},"_coverageSchema":"1a1c01bbd47fc00a2c39e90264f33305004495a9","hash":"a25d88104860c28c93adec86928f400ad08e57d1"}
,"C:\\Users\\DBZ\\Desktop\\Codex Academy\\full-stack-project-4\\b-movies-server\\DAO\\moviesDAO.js": {"path":"C:\\Users\\DBZ\\Desktop\\Codex Academy\\full-stack-project-4\\b-movies-server\\DAO\\moviesDAO.js","statementMap":{"0":{"start":{"line":1,"column":40},"end":{"line":1,"column":59}},"1":{"start":{"line":2,"column":11},"end":{"line":2,"column":23}},"2":{"start":{"line":5,"column":19},"end":{"line":5,"column":54}},"3":{"start":{"line":6,"column":4},"end":{"line":6,"column":18}},"4":{"start":{"line":9,"column":18},"end":{"line":9,"column":79}},"5":{"start":{"line":10,"column":4},"end":{"line":10,"column":17}},"6":{"start":{"line":13,"column":48},"end":{"line":13,"column":55}},"7":{"start":{"line":14,"column":25},"end":{"line":21,"column":21}},"8":{"start":{"line":22,"column":4},"end":{"line":22,"column":22}},"9":{"start":{"line":25,"column":48},"end":{"line":25,"column":55}},"10":{"start":{"line":27,"column":27},"end":{"line":35,"column":21}},"11":{"start":{"line":36,"column":4},"end":{"line":36,"column":24}},"12":{"start":{"line":39,"column":27},"end":{"line":42,"column":21}},"13":{"start":{"line":43,"column":4},"end":{"line":43,"column":24}},"14":{"start":{"line":46,"column":0},"end":{"line":46,"column":33}}},"fnMap":{"0":{"name":"(anonymous_0)","decl":{"start":{"line":4,"column":2},"end":{"line":4,"column":3}},"loc":{"start":{"line":4,"column":20},"end":{"line":7,"column":3}},"line":4},"1":{"name":"(anonymous_1)","decl":{"start":{"line":8,"column":2},"end":{"line":8,"column":3}},"loc":{"start":{"line":8,"column":28},"end":{"line":11,"column":3}},"line":8},"2":{"name":"(anonymous_2)","decl":{"start":{"line":12,"column":2},"end":{"line":12,"column":3}},"loc":{"start":{"line":12,"column":26},"end":{"line":23,"column":3}},"line":12},"3":{"name":"(anonymous_3)","decl":{"start":{"line":24,"column":2},"end":{"line":24,"column":3}},"loc":{"start":{"line":24,"column":40},"end":{"line":37,"column":3}},"line":24},"4":{"name":"(anonymous_4)","decl":{"start":{"line":38,"column":2},"end":{"line":38,"column":3}},"loc":{"start":{"line":38,"column":31},"end":{"line":44,"column":3}},"line":38}},"branchMap":{},"s":{"0":1,"1":1,"2":0,"3":0,"4":0,"5":0,"6":0,"7":0,"8":0,"9":0,"10":0,"11":0,"12":0,"13":0,"14":1},"f":{"0":0,"1":0,"2":0,"3":0,"4":0},"b":{},"_coverageSchema":"1a1c01bbd47fc00a2c39e90264f33305004495a9","hash":"79563c0d63c62abd0022eaae8b4b60c57d5cbe44"}
,"C:\\Users\\DBZ\\Desktop\\Codex Academy\\full-stack-project-4\\b-movies-server\\DAO\\usersDAO.js": {"path":"C:\\Users\\DBZ\\Desktop\\Codex Academy\\full-stack-project-4\\b-movies-server\\DAO\\usersDAO.js","statementMap":{"0":{"start":{"line":1,"column":40},"end":{"line":1,"column":59}},"1":{"start":{"line":2,"column":11},"end":{"line":2,"column":23}},"2":{"start":{"line":6,"column":18},"end":{"line":6,"column":52}},"3":{"start":{"line":7,"column":4},"end":{"line":7,"column":17}},"4":{"start":{"line":10,"column":17},"end":{"line":10,"column":77}},"5":{"start":{"line":11,"column":4},"end":{"line":11,"column":16}},"6":{"start":{"line":15,"column":32},"end":{"line":15,"column":39}},"7":{"start":{"line":16,"column":22},"end":{"line":21,"column":21}},"8":{"start":{"line":22,"column":4},"end":{"line":22,"column":19}},"9":{"start":{"line":25,"column":26},"end":{"line":28,"column":21}},"10":{"start":{"line":29,"column":4},"end":{"line":29,"column":23}},"11":{"start":{"line":33,"column":0},"end":{"line":33,"column":32}}},"fnMap":{"0":{"name":"(anonymous_0)","decl":{"start":{"line":5,"column":2},"end":{"line":5,"column":3}},"loc":{"start":{"line":5,"column":19},"end":{"line":8,"column":3}},"line":5},"1":{"name":"(anonymous_1)","decl":{"start":{"line":9,"column":2},"end":{"line":9,"column":3}},"loc":{"start":{"line":9,"column":27},"end":{"line":12,"column":3}},"line":9},"2":{"name":"(anonymous_2)","decl":{"start":{"line":14,"column":2},"end":{"line":14,"column":3}},"loc":{"start":{"line":14,"column":28},"end":{"line":23,"column":3}},"line":14},"3":{"name":"(anonymous_3)","decl":{"start":{"line":24,"column":2},"end":{"line":24,"column":3}},"loc":{"start":{"line":24,"column":30},"end":{"line":30,"column":3}},"line":24}},"branchMap":{},"s":{"0":1,"1":1,"2":0,"3":0,"4":0,"5":0,"6":0,"7":0,"8":0,"9":0,"10":0,"11":1},"f":{"0":0,"1":0,"2":0,"3":0},"b":{},"_coverageSchema":"1a1c01bbd47fc00a2c39e90264f33305004495a9","hash":"e6fcd700fa5115611667da00d1e71418d7b0bcd4"}
,"C:\\Users\\DBZ\\Desktop\\Codex Academy\\full-stack-project-4\\b-movies-server\\DB\\db.js": {"path":"C:\\Users\\DBZ\\Desktop\\Codex Academy\\full-stack-project-4\\b-movies-server\\DB\\db.js","statementMap":{"0":{"start":{"line":1,"column":11},"end":{"line":1,"column":26}},"1":{"start":{"line":2,"column":19},"end":{"line":2,"column":41}},"2":{"start":{"line":4,"column":0},"end":{"line":4,"column":51}},"3":{"start":{"line":5,"column":0},"end":{"line":5,"column":49}}},"fnMap":{},"branchMap":{},"s":{"0":3,"1":3,"2":3,"3":3},"f":{},"b":{},"_coverageSchema":"1a1c01bbd47fc00a2c39e90264f33305004495a9","hash":"b2bf94695a81cfd88fc0c6c8ef7339a3cdb76589"}
,"C:\\Users\\DBZ\\Desktop\\Codex Academy\\full-stack-project-4\\b-movies-server\\controllers\\moviesControllers.js": {"path":"C:\\Users\\DBZ\\Desktop\\Codex Academy\\full-stack-project-4\\b-movies-server\\controllers\\moviesControllers.js","statementMap":{"0":{"start":{"line":1,"column":22},"end":{"line":1,"column":57}},"1":{"start":{"line":2,"column":12},"end":{"line":2,"column":26}},"2":{"start":{"line":5,"column":4},"end":{"line":11,"column":5}},"3":{"start":{"line":6,"column":21},"end":{"line":6,"column":52}},"4":{"start":{"line":7,"column":6},"end":{"line":7,"column":47}},"5":{"start":{"line":9,"column":6},"end":{"line":9,"column":23}},"6":{"start":{"line":10,"column":6},"end":{"line":10,"column":43}},"7":{"start":{"line":14,"column":19},"end":{"line":14,"column":31}},"8":{"start":{"line":15,"column":23},"end":{"line":15,"column":56}},"9":{"start":{"line":16,"column":4},"end":{"line":19,"column":5}},"10":{"start":{"line":17,"column":6},"end":{"line":17,"column":36}},"11":{"start":{"line":18,"column":6},"end":{"line":18,"column":75}},"12":{"start":{"line":20,"column":4},"end":{"line":26,"column":5}},"13":{"start":{"line":21,"column":22},"end":{"line":21,"column":68}},"14":{"start":{"line":22,"column":6},"end":{"line":22,"column":45}},"15":{"start":{"line":24,"column":6},"end":{"line":24,"column":23}},"16":{"start":{"line":25,"column":6},"end":{"line":25,"column":43}},"17":{"start":{"line":29,"column":19},"end":{"line":36,"column":6}},"18":{"start":{"line":37,"column":22},"end":{"line":37,"column":47}},"19":{"start":{"line":38,"column":4},"end":{"line":43,"column":5}},"20":{"start":{"line":39,"column":6},"end":{"line":39,"column":35}},"21":{"start":{"line":40,"column":6},"end":{"line":42,"column":61}},"22":{"start":{"line":44,"column":4},"end":{"line":50,"column":5}},"23":{"start":{"line":45,"column":25},"end":{"line":45,"column":70}},"24":{"start":{"line":46,"column":6},"end":{"line":46,"column":50}},"25":{"start":{"line":48,"column":6},"end":{"line":48,"column":23}},"26":{"start":{"line":49,"column":6},"end":{"line":49,"column":43}},"27":{"start":{"line":53,"column":24},"end":{"line":53,"column":64}},"28":{"start":{"line":54,"column":23},"end":{"line":54,"column":58}},"29":{"start":{"line":55,"column":4},"end":{"line":58,"column":5}},"30":{"start":{"line":56,"column":6},"end":{"line":56,"column":36}},"31":{"start":{"line":57,"column":6},"end":{"line":57,"column":75}},"32":{"start":{"line":59,"column":23},"end":{"line":66,"column":6}},"33":{"start":{"line":67,"column":22},"end":{"line":67,"column":51}},"34":{"start":{"line":68,"column":4},"end":{"line":71,"column":5}},"35":{"start":{"line":69,"column":6},"end":{"line":69,"column":35}},"36":{"start":{"line":70,"column":6},"end":{"line":70,"column":74}},"37":{"start":{"line":72,"column":4},"end":{"line":81,"column":5}},"38":{"start":{"line":73,"column":27},"end":{"line":76,"column":7}},"39":{"start":{"line":77,"column":6},"end":{"line":77,"column":59}},"40":{"start":{"line":79,"column":6},"end":{"line":79,"column":23}},"41":{"start":{"line":80,"column":6},"end":{"line":80,"column":39}},"42":{"start":{"line":84,"column":19},"end":{"line":84,"column":59}},"43":{"start":{"line":85,"column":23},"end":{"line":85,"column":53}},"44":{"start":{"line":86,"column":4},"end":{"line":89,"column":5}},"45":{"start":{"line":87,"column":6},"end":{"line":87,"column":36}},"46":{"start":{"line":88,"column":6},"end":{"line":88,"column":75}},"47":{"start":{"line":90,"column":4},"end":{"line":96,"column":5}},"48":{"start":{"line":91,"column":27},"end":{"line":91,"column":76}},"49":{"start":{"line":92,"column":6},"end":{"line":92,"column":52}},"50":{"start":{"line":94,"column":6},"end":{"line":94,"column":23}},"51":{"start":{"line":95,"column":6},"end":{"line":95,"column":43}},"52":{"start":{"line":99,"column":0},"end":{"line":99,"column":41}}},"fnMap":{"0":{"name":"(anonymous_0)","decl":{"start":{"line":4,"column":2},"end":{"line":4,"column":3}},"loc":{"start":{"line":4,"column":28},"end":{"line":12,"column":3}},"line":4},"1":{"name":"(anonymous_1)","decl":{"start":{"line":13,"column":2},"end":{"line":13,"column":3}},"loc":{"start":{"line":13,"column":27},"end":{"line":27,"column":3}},"line":13},"2":{"name":"(anonymous_2)","decl":{"start":{"line":28,"column":2},"end":{"line":28,"column":3}},"loc":{"start":{"line":28,"column":27},"end":{"line":51,"column":3}},"line":28},"3":{"name":"(anonymous_3)","decl":{"start":{"line":52,"column":2},"end":{"line":52,"column":3}},"loc":{"start":{"line":52,"column":30},"end":{"line":82,"column":3}},"line":52},"4":{"name":"(anonymous_4)","decl":{"start":{"line":83,"column":2},"end":{"line":83,"column":3}},"loc":{"start":{"line":83,"column":30},"end":{"line":97,"column":3}},"line":83}},"branchMap":{"0":{"loc":{"start":{"line":16,"column":4},"end":{"line":19,"column":5}},"type":"if","locations":[{"start":{"line":16,"column":4},"end":{"line":19,"column":5}},{"start":{"line":16,"column":4},"end":{"line":19,"column":5}}],"line":16},"1":{"loc":{"start":{"line":38,"column":4},"end":{"line":43,"column":5}},"type":"if","locations":[{"start":{"line":38,"column":4},"end":{"line":43,"column":5}},{"start":{"line":38,"column":4},"end":{"line":43,"column":5}}],"line":38},"2":{"loc":{"start":{"line":55,"column":4},"end":{"line":58,"column":5}},"type":"if","locations":[{"start":{"line":55,"column":4},"end":{"line":58,"column":5}},{"start":{"line":55,"column":4},"end":{"line":58,"column":5}}],"line":55},"3":{"loc":{"start":{"line":68,"column":4},"end":{"line":71,"column":5}},"type":"if","locations":[{"start":{"line":68,"column":4},"end":{"line":71,"column":5}},{"start":{"line":68,"column":4},"end":{"line":71,"column":5}}],"line":68},"4":{"loc":{"start":{"line":86,"column":4},"end":{"line":89,"column":5}},"type":"if","locations":[{"start":{"line":86,"column":4},"end":{"line":89,"column":5}},{"start":{"line":86,"column":4},"end":{"line":89,"column":5}}],"line":86}},"s":{"0":1,"1":1,"2":0,"3":0,"4":0,"5":0,"6":0,"7":0,"8":0,"9":0,"10":0,"11":0,"12":0,"13":0,"14":0,"15":0,"16":0,"17":0,"18":0,"19":0,"20":0,"21":0,"22":0,"23":0,"24":0,"25":0,"26":0,"27":3,"28":3,"29":3,"30":0,"31":0,"32":3,"33":3,"34":3,"35":0,"36":0,"37":3,"38":3,"39":2,"40":1,"41":1,"42":0,"43":0,"44":0,"45":0,"46":0,"47":0,"48":0,"49":0,"50":0,"51":0,"52":1},"f":{"0":0,"1":0,"2":0,"3":3,"4":0},"b":{"0":[0,0],"1":[0,0],"2":[0,3],"3":[0,3],"4":[0,0]},"_coverageSchema":"1a1c01bbd47fc00a2c39e90264f33305004495a9","hash":"2dda155f3944331b9ead5d9f54747cbf6fc37b3f"}
,"C:\\Users\\DBZ\\Desktop\\Codex Academy\\full-stack-project-4\\b-movies-server\\controllers\\usersControllers.js": {"path":"C:\\Users\\DBZ\\Desktop\\Codex Academy\\full-stack-project-4\\b-movies-server\\controllers\\usersControllers.js","statementMap":{"0":{"start":{"line":1,"column":21},"end":{"line":1,"column":55}},"1":{"start":{"line":2,"column":12},"end":{"line":2,"column":26}},"2":{"start":{"line":6,"column":4},"end":{"line":12,"column":5}},"3":{"start":{"line":7,"column":20},"end":{"line":7,"column":49}},"4":{"start":{"line":8,"column":6},"end":{"line":8,"column":52}},"5":{"start":{"line":10,"column":6},"end":{"line":10,"column":23}},"6":{"start":{"line":11,"column":6},"end":{"line":11,"column":50}},"7":{"start":{"line":15,"column":19},"end":{"line":15,"column":39}},"8":{"start":{"line":16,"column":23},"end":{"line":16,"column":56}},"9":{"start":{"line":17,"column":4},"end":{"line":21,"column":5}},"10":{"start":{"line":18,"column":6},"end":{"line":20,"column":9}},"11":{"start":{"line":22,"column":4},"end":{"line":28,"column":5}},"12":{"start":{"line":23,"column":21},"end":{"line":23,"column":65}},"13":{"start":{"line":24,"column":6},"end":{"line":24,"column":50}},"14":{"start":{"line":26,"column":6},"end":{"line":26,"column":23}},"15":{"start":{"line":27,"column":6},"end":{"line":27,"column":50}},"16":{"start":{"line":31,"column":23},"end":{"line":36,"column":6}},"17":{"start":{"line":37,"column":22},"end":{"line":37,"column":51}},"18":{"start":{"line":38,"column":4},"end":{"line":40,"column":5}},"19":{"start":{"line":39,"column":6},"end":{"line":39,"column":69}},"20":{"start":{"line":41,"column":4},"end":{"line":47,"column":5}},"21":{"start":{"line":42,"column":22},"end":{"line":42,"column":68}},"22":{"start":{"line":43,"column":6},"end":{"line":43,"column":53}},"23":{"start":{"line":45,"column":6},"end":{"line":45,"column":23}},"24":{"start":{"line":46,"column":6},"end":{"line":46,"column":50}},"25":{"start":{"line":50,"column":19},"end":{"line":50,"column":39}},"26":{"start":{"line":51,"column":23},"end":{"line":51,"column":56}},"27":{"start":{"line":52,"column":4},"end":{"line":54,"column":5}},"28":{"start":{"line":53,"column":6},"end":{"line":53,"column":75}},"29":{"start":{"line":55,"column":4},"end":{"line":61,"column":5}},"30":{"start":{"line":56,"column":26},"end":{"line":56,"column":73}},"31":{"start":{"line":57,"column":6},"end":{"line":57,"column":57}},"32":{"start":{"line":59,"column":6},"end":{"line":59,"column":39}},"33":{"start":{"line":60,"column":6},"end":{"line":60,"column":52}},"34":{"start":{"line":65,"column":0},"end":{"line":65,"column":40}}},"fnMap":{"0":{"name":"(anonymous_0)","decl":{"start":{"line":5,"column":2},"end":{"line":5,"column":3}},"loc":{"start":{"line":5,"column":27},"end":{"line":13,"column":3}},"line":5},"1":{"name":"(anonymous_1)","decl":{"start":{"line":14,"column":2},"end":{"line":14,"column":3}},"loc":{"start":{"line":14,"column":26},"end":{"line":29,"column":3}},"line":14},"2":{"name":"(anonymous_2)","decl":{"start":{"line":30,"column":2},"end":{"line":30,"column":3}},"loc":{"start":{"line":30,"column":29},"end":{"line":48,"column":3}},"line":30},"3":{"name":"(anonymous_3)","decl":{"start":{"line":49,"column":2},"end":{"line":49,"column":3}},"loc":{"start":{"line":49,"column":29},"end":{"line":62,"column":3}},"line":49}},"branchMap":{"0":{"loc":{"start":{"line":17,"column":4},"end":{"line":21,"column":5}},"type":"if","locations":[{"start":{"line":17,"column":4},"end":{"line":21,"column":5}},{"start":{"line":17,"column":4},"end":{"line":21,"column":5}}],"line":17},"1":{"loc":{"start":{"line":38,"column":4},"end":{"line":40,"column":5}},"type":"if","locations":[{"start":{"line":38,"column":4},"end":{"line":40,"column":5}},{"start":{"line":38,"column":4},"end":{"line":40,"column":5}}],"line":38},"2":{"loc":{"start":{"line":52,"column":4},"end":{"line":54,"column":5}},"type":"if","locations":[{"start":{"line":52,"column":4},"end":{"line":54,"column":5}},{"start":{"line":52,"column":4},"end":{"line":54,"column":5}}],"line":52}},"s":{"0":1,"1":1,"2":3,"3":3,"4":2,"5":1,"6":1,"7":3,"8":3,"9":3,"10":0,"11":3,"12":3,"13":2,"14":1,"15":1,"16":3,"17":3,"18":3,"19":0,"20":3,"21":3,"22":2,"23":1,"24":1,"25":3,"26":3,"27":3,"28":0,"29":3,"30":3,"31":2,"32":1,"33":1,"34":1},"f":{"0":3,"1":3,"2":3,"3":3},"b":{"0":[0,3],"1":[0,3],"2":[0,3]},"_coverageSchema":"1a1c01bbd47fc00a2c39e90264f33305004495a9","hash":"8a9ecc59cca687b4810606d6d4f3904879b5a131"}
,"C:\\Users\\DBZ\\Desktop\\Codex Academy\\full-stack-project-4\\b-movies-server\\service\\authService.js": {"path":"C:\\Users\\DBZ\\Desktop\\Codex Academy\\full-stack-project-4\\b-movies-server\\service\\authService.js","statementMap":{"0":{"start":{"line":1,"column":16},"end":{"line":1,"column":41}},"1":{"start":{"line":2,"column":15},"end":{"line":2,"column":32}},"2":{"start":{"line":3,"column":12},"end":{"line":3,"column":35}},"3":{"start":{"line":7,"column":4},"end":{"line":17,"column":7}},"4":{"start":{"line":8,"column":25},"end":{"line":8,"column":27}},"5":{"start":{"line":9,"column":6},"end":{"line":16,"column":9}},"6":{"start":{"line":10,"column":8},"end":{"line":15,"column":11}},"7":{"start":{"line":11,"column":10},"end":{"line":13,"column":11}},"8":{"start":{"line":12,"column":12},"end":{"line":12,"column":31}},"9":{"start":{"line":14,"column":10},"end":{"line":14,"column":24}},"10":{"start":{"line":20,"column":4},"end":{"line":35,"column":7}},"11":{"start":{"line":21,"column":6},"end":{"line":34,"column":8}},"12":{"start":{"line":28,"column":10},"end":{"line":32,"column":11}},"13":{"start":{"line":29,"column":12},"end":{"line":29,"column":31}},"14":{"start":{"line":31,"column":12},"end":{"line":31,"column":27}},"15":{"start":{"line":38,"column":30},"end":{"line":38,"column":74}},"16":{"start":{"line":39,"column":4},"end":{"line":49,"column":5}},"17":{"start":{"line":40,"column":19},"end":{"line":43,"column":8}},"18":{"start":{"line":44,"column":6},"end":{"line":46,"column":7}},"19":{"start":{"line":45,"column":8},"end":{"line":45,"column":38}},"20":{"start":{"line":47,"column":26},"end":{"line":47,"column":71}},"21":{"start":{"line":48,"column":6},"end":{"line":48,"column":35}},"22":{"start":{"line":53,"column":4},"end":{"line":62,"column":7}},"23":{"start":{"line":55,"column":6},"end":{"line":61,"column":9}},"24":{"start":{"line":56,"column":8},"end":{"line":58,"column":9}},"25":{"start":{"line":57,"column":10},"end":{"line":57,"column":29}},"26":{"start":{"line":59,"column":8},"end":{"line":59,"column":24}},"27":{"start":{"line":66,"column":17},"end":{"line":66,"column":47}},"28":{"start":{"line":67,"column":4},"end":{"line":82,"column":5}},"29":{"start":{"line":68,"column":6},"end":{"line":68,"column":41}},"30":{"start":{"line":69,"column":6},"end":{"line":69,"column":45}},"31":{"start":{"line":71,"column":22},"end":{"line":74,"column":7}},"32":{"start":{"line":75,"column":6},"end":{"line":81,"column":7}},"33":{"start":{"line":76,"column":28},"end":{"line":76,"column":73}},"34":{"start":{"line":77,"column":8},"end":{"line":77,"column":37}},"35":{"start":{"line":79,"column":8},"end":{"line":79,"column":42}},"36":{"start":{"line":80,"column":8},"end":{"line":80,"column":35}},"37":{"start":{"line":85,"column":0},"end":{"line":85,"column":35}}},"fnMap":{"0":{"name":"(anonymous_0)","decl":{"start":{"line":6,"column":2},"end":{"line":6,"column":3}},"loc":{"start":{"line":6,"column":34},"end":{"line":18,"column":3}},"line":6},"1":{"name":"(anonymous_1)","decl":{"start":{"line":7,"column":23},"end":{"line":7,"column":24}},"loc":{"start":{"line":7,"column":44},"end":{"line":17,"column":5}},"line":7},"2":{"name":"(anonymous_2)","decl":{"start":{"line":9,"column":33},"end":{"line":9,"column":34}},"loc":{"start":{"line":9,"column":54},"end":{"line":16,"column":7}},"line":9},"3":{"name":"(anonymous_3)","decl":{"start":{"line":10,"column":36},"end":{"line":10,"column":37}},"loc":{"start":{"line":10,"column":57},"end":{"line":15,"column":9}},"line":10},"4":{"name":"(anonymous_4)","decl":{"start":{"line":19,"column":2},"end":{"line":19,"column":3}},"loc":{"start":{"line":19,"column":35},"end":{"line":36,"column":3}},"line":19},"5":{"name":"(anonymous_5)","decl":{"start":{"line":20,"column":23},"end":{"line":20,"column":24}},"loc":{"start":{"line":20,"column":44},"end":{"line":35,"column":5}},"line":20},"6":{"name":"(anonymous_6)","decl":{"start":{"line":27,"column":8},"end":{"line":27,"column":9}},"loc":{"start":{"line":27,"column":24},"end":{"line":33,"column":9}},"line":27},"7":{"name":"(anonymous_7)","decl":{"start":{"line":37,"column":2},"end":{"line":37,"column":3}},"loc":{"start":{"line":37,"column":30},"end":{"line":50,"column":3}},"line":37},"8":{"name":"(anonymous_8)","decl":{"start":{"line":52,"column":2},"end":{"line":52,"column":3}},"loc":{"start":{"line":52,"column":40},"end":{"line":63,"column":3}},"line":52},"9":{"name":"(anonymous_9)","decl":{"start":{"line":53,"column":23},"end":{"line":53,"column":24}},"loc":{"start":{"line":53,"column":44},"end":{"line":62,"column":5}},"line":53},"10":{"name":"(anonymous_10)","decl":{"start":{"line":55,"column":37},"end":{"line":55,"column":38}},"loc":{"start":{"line":55,"column":60},"end":{"line":61,"column":7}},"line":55},"11":{"name":"(anonymous_11)","decl":{"start":{"line":65,"column":2},"end":{"line":65,"column":3}},"loc":{"start":{"line":65,"column":27},"end":{"line":83,"column":3}},"line":65}},"branchMap":{"0":{"loc":{"start":{"line":11,"column":10},"end":{"line":13,"column":11}},"type":"if","locations":[{"start":{"line":11,"column":10},"end":{"line":13,"column":11}},{"start":{"line":11,"column":10},"end":{"line":13,"column":11}}],"line":11},"1":{"loc":{"start":{"line":28,"column":10},"end":{"line":32,"column":11}},"type":"if","locations":[{"start":{"line":28,"column":10},"end":{"line":32,"column":11}},{"start":{"line":28,"column":10},"end":{"line":32,"column":11}}],"line":28},"2":{"loc":{"start":{"line":39,"column":4},"end":{"line":49,"column":5}},"type":"if","locations":[{"start":{"line":39,"column":4},"end":{"line":49,"column":5}},{"start":{"line":39,"column":4},"end":{"line":49,"column":5}}],"line":39},"3":{"loc":{"start":{"line":44,"column":6},"end":{"line":46,"column":7}},"type":"if","locations":[{"start":{"line":44,"column":6},"end":{"line":46,"column":7}},{"start":{"line":44,"column":6},"end":{"line":46,"column":7}}],"line":44},"4":{"loc":{"start":{"line":56,"column":8},"end":{"line":58,"column":9}},"type":"if","locations":[{"start":{"line":56,"column":8},"end":{"line":58,"column":9}},{"start":{"line":56,"column":8},"end":{"line":58,"column":9}}],"line":56},"5":{"loc":{"start":{"line":67,"column":4},"end":{"line":82,"column":5}},"type":"if","locations":[{"start":{"line":67,"column":4},"end":{"line":82,"column":5}},{"start":{"line":67,"column":4},"end":{"line":82,"column":5}}],"line":67},"6":{"loc":{"start":{"line":75,"column":6},"end":{"line":81,"column":7}},"type":"if","locations":[{"start":{"line":75,"column":6},"end":{"line":81,"column":7}},{"start":{"line":75,"column":6},"end":{"line":81,"column":7}}],"line":75}},"s":{"0":1,"1":1,"2":1,"3":1,"4":1,"5":1,"6":1,"7":1,"8":0,"9":1,"10":9,"11":9,"12":9,"13":0,"14":9,"15":5,"16":5,"17":5,"18":5,"19":0,"20":5,"21":5,"22":1,"23":1,"24":1,"25":0,"26":1,"27":4,"28":4,"29":0,"30":0,"31":4,"32":4,"33":4,"34":4,"35":0,"36":0,"37":1},"f":{"0":1,"1":1,"2":1,"3":1,"4":9,"5":9,"6":9,"7":5,"8":1,"9":1,"10":1,"11":4},"b":{"0":[0,1],"1":[0,9],"2":[5,0],"3":[0,5],"4":[0,1],"5":[0,4],"6":[4,0]},"_coverageSchema":"1a1c01bbd47fc00a2c39e90264f33305004495a9","hash":"62136d45de07554e09abf5a7ef86e8ceb511dbe8"}
,"C:\\Users\\DBZ\\Desktop\\Codex Academy\\full-stack-project-4\\b-movies-server\\service\\moviesService.js": {"path":"C:\\Users\\DBZ\\Desktop\\Codex Academy\\full-stack-project-4\\b-movies-server\\service\\moviesService.js","statementMap":{"0":{"start":{"line":1,"column":18},"end":{"line":1,"column":45}},"1":{"start":{"line":4,"column":19},"end":{"line":4,"column":46}},"2":{"start":{"line":5,"column":4},"end":{"line":5,"column":18}},"3":{"start":{"line":8,"column":18},"end":{"line":8,"column":53}},"4":{"start":{"line":9,"column":4},"end":{"line":11,"column":5}},"5":{"start":{"line":10,"column":6},"end":{"line":10,"column":76}},"6":{"start":{"line":12,"column":4},"end":{"line":12,"column":17}},"7":{"start":{"line":15,"column":23},"end":{"line":15,"column":50}},"8":{"start":{"line":16,"column":4},"end":{"line":16,"column":22}},"9":{"start":{"line":19,"column":25},"end":{"line":19,"column":66}},"10":{"start":{"line":20,"column":4},"end":{"line":22,"column":5}},"11":{"start":{"line":21,"column":6},"end":{"line":21,"column":73}},"12":{"start":{"line":23,"column":4},"end":{"line":23,"column":24}},"13":{"start":{"line":26,"column":25},"end":{"line":26,"column":57}},"14":{"start":{"line":27,"column":4},"end":{"line":29,"column":5}},"15":{"start":{"line":28,"column":6},"end":{"line":28,"column":72}},"16":{"start":{"line":30,"column":4},"end":{"line":30,"column":24}},"17":{"start":{"line":33,"column":0},"end":{"line":33,"column":37}}},"fnMap":{"0":{"name":"(anonymous_0)","decl":{"start":{"line":3,"column":2},"end":{"line":3,"column":3}},"loc":{"start":{"line":3,"column":20},"end":{"line":6,"column":3}},"line":3},"1":{"name":"(anonymous_1)","decl":{"start":{"line":7,"column":2},"end":{"line":7,"column":3}},"loc":{"start":{"line":7,"column":28},"end":{"line":13,"column":3}},"line":7},"2":{"name":"(anonymous_2)","decl":{"start":{"line":14,"column":2},"end":{"line":14,"column":3}},"loc":{"start":{"line":14,"column":26},"end":{"line":17,"column":3}},"line":14},"3":{"name":"(anonymous_3)","decl":{"start":{"line":18,"column":2},"end":{"line":18,"column":3}},"loc":{"start":{"line":18,"column":40},"end":{"line":24,"column":3}},"line":18},"4":{"name":"(anonymous_4)","decl":{"start":{"line":25,"column":2},"end":{"line":25,"column":3}},"loc":{"start":{"line":25,"column":31},"end":{"line":31,"column":3}},"line":25}},"branchMap":{"0":{"loc":{"start":{"line":9,"column":4},"end":{"line":11,"column":5}},"type":"if","locations":[{"start":{"line":9,"column":4},"end":{"line":11,"column":5}},{"start":{"line":9,"column":4},"end":{"line":11,"column":5}}],"line":9},"1":{"loc":{"start":{"line":20,"column":4},"end":{"line":22,"column":5}},"type":"if","locations":[{"start":{"line":20,"column":4},"end":{"line":22,"column":5}},{"start":{"line":20,"column":4},"end":{"line":22,"column":5}}],"line":20},"2":{"loc":{"start":{"line":27,"column":4},"end":{"line":29,"column":5}},"type":"if","locations":[{"start":{"line":27,"column":4},"end":{"line":29,"column":5}},{"start":{"line":27,"column":4},"end":{"line":29,"column":5}}],"line":27}},"s":{"0":1,"1":0,"2":0,"3":0,"4":0,"5":0,"6":0,"7":0,"8":0,"9":0,"10":0,"11":0,"12":0,"13":0,"14":0,"15":0,"16":0,"17":1},"f":{"0":0,"1":0,"2":0,"3":0,"4":0},"b":{"0":[0,0],"1":[0,0],"2":[0,0]},"_coverageSchema":"1a1c01bbd47fc00a2c39e90264f33305004495a9","hash":"c64ae99dec516d7e8941967fc530b283c71a6522"}
,"C:\\Users\\DBZ\\Desktop\\Codex Academy\\full-stack-project-4\\b-movies-server\\service\\usersService.js": {"path":"C:\\Users\\DBZ\\Desktop\\Codex Academy\\full-stack-project-4\\b-movies-server\\service\\usersService.js","statementMap":{"0":{"start":{"line":1,"column":17},"end":{"line":1,"column":43}},"1":{"start":{"line":5,"column":18},"end":{"line":5,"column":43}},"2":{"start":{"line":6,"column":4},"end":{"line":6,"column":17}},"3":{"start":{"line":9,"column":17},"end":{"line":9,"column":50}},"4":{"start":{"line":10,"column":4},"end":{"line":12,"column":5}},"5":{"start":{"line":11,"column":6},"end":{"line":11,"column":74}},"6":{"start":{"line":13,"column":4},"end":{"line":13,"column":16}},"7":{"start":{"line":16,"column":20},"end":{"line":16,"column":54}},"8":{"start":{"line":17,"column":4},"end":{"line":19,"column":5}},"9":{"start":{"line":18,"column":6},"end":{"line":18,"column":72}},"10":{"start":{"line":20,"column":4},"end":{"line":20,"column":19}},"11":{"start":{"line":23,"column":24},"end":{"line":23,"column":60}},"12":{"start":{"line":24,"column":4},"end":{"line":26,"column":5}},"13":{"start":{"line":25,"column":6},"end":{"line":25,"column":72}},"14":{"start":{"line":27,"column":4},"end":{"line":27,"column":23}},"15":{"start":{"line":31,"column":0},"end":{"line":31,"column":36}}},"fnMap":{"0":{"name":"(anonymous_0)","decl":{"start":{"line":4,"column":2},"end":{"line":4,"column":3}},"loc":{"start":{"line":4,"column":19},"end":{"line":7,"column":3}},"line":4},"1":{"name":"(anonymous_1)","decl":{"start":{"line":8,"column":2},"end":{"line":8,"column":3}},"loc":{"start":{"line":8,"column":27},"end":{"line":14,"column":3}},"line":8},"2":{"name":"(anonymous_2)","decl":{"start":{"line":15,"column":2},"end":{"line":15,"column":3}},"loc":{"start":{"line":15,"column":28},"end":{"line":21,"column":3}},"line":15},"3":{"name":"(anonymous_3)","decl":{"start":{"line":22,"column":2},"end":{"line":22,"column":3}},"loc":{"start":{"line":22,"column":30},"end":{"line":28,"column":3}},"line":22}},"branchMap":{"0":{"loc":{"start":{"line":10,"column":4},"end":{"line":12,"column":5}},"type":"if","locations":[{"start":{"line":10,"column":4},"end":{"line":12,"column":5}},{"start":{"line":10,"column":4},"end":{"line":12,"column":5}}],"line":10},"1":{"loc":{"start":{"line":17,"column":4},"end":{"line":19,"column":5}},"type":"if","locations":[{"start":{"line":17,"column":4},"end":{"line":19,"column":5}},{"start":{"line":17,"column":4},"end":{"line":19,"column":5}}],"line":17},"2":{"loc":{"start":{"line":24,"column":4},"end":{"line":26,"column":5}},"type":"if","locations":[{"start":{"line":24,"column":4},"end":{"line":26,"column":5}},{"start":{"line":24,"column":4},"end":{"line":26,"column":5}}],"line":24}},"s":{"0":1,"1":0,"2":0,"3":0,"4":0,"5":0,"6":0,"7":0,"8":0,"9":0,"10":0,"11":0,"12":0,"13":0,"14":0,"15":1},"f":{"0":0,"1":0,"2":0,"3":0},"b":{"0":[0,0],"1":[0,0],"2":[0,0]},"_coverageSchema":"1a1c01bbd47fc00a2c39e90264f33305004495a9","hash":"b98efa2d88c4c9d57f0d70f9b87e5c861d1cd48d"}
}
