TN:
SF:knexfile.js
FNF:0
FNH:0
DA:2,3
DA:4,3
LF:2
LH:2
BRF:0
BRH:0
end_of_record
TN:
SF:DAO\authDAO.js
FN:4,(anonymous_0)
FN:15,(anonymous_1)
FNF:2
FNH:0
FNDA:0,(anonymous_0)
FNDA:0,(anonymous_1)
DA:1,1
DA:2,1
DA:5,0
DA:6,0
DA:12,0
DA:13,0
DA:16,0
DA:20,0
DA:23,1
LF:9
LH:3
BRF:0
BRH:0
end_of_record
TN:
SF:DAO\moviesDAO.js
FN:4,(anonymous_0)
FN:8,(anonymous_1)
FN:12,(anonymous_2)
FN:24,(anonymous_3)
FN:38,(anonymous_4)
FNF:5
FNH:0
FNDA:0,(anonymous_0)
FNDA:0,(anonymous_1)
FNDA:0,(anonymous_2)
FNDA:0,(anonymous_3)
FNDA:0,(anonymous_4)
DA:1,1
DA:2,1
DA:5,0
DA:6,0
DA:9,0
DA:10,0
DA:13,0
DA:14,0
DA:22,0
DA:25,0
DA:27,0
DA:36,0
DA:39,0
DA:43,0
DA:46,1
LF:15
LH:3
BRF:0
BRH:0
end_of_record
TN:
SF:DAO\usersDAO.js
FN:5,(anonymous_0)
FN:9,(anonymous_1)
FN:14,(anonymous_2)
FN:24,(anonymous_3)
FNF:4
FNH:0
FNDA:0,(anonymous_0)
FNDA:0,(anonymous_1)
FNDA:0,(anonymous_2)
FNDA:0,(anonymous_3)
DA:1,1
DA:2,1
DA:6,0
DA:7,0
DA:10,0
DA:11,0
DA:15,0
DA:16,0
DA:22,0
DA:25,0
DA:29,0
DA:33,1
LF:12
LH:3
BRF:0
BRH:0
end_of_record
TN:
SF:DB\db.js
FNF:0
FNH:0
DA:1,3
DA:2,3
DA:4,3
DA:5,3
LF:4
LH:4
BRF:0
BRH:0
end_of_record
TN:
SF:controllers\moviesControllers.js
FN:4,(anonymous_0)
FN:13,(anonymous_1)
FN:28,(anonymous_2)
FN:52,(anonymous_3)
FN:83,(anonymous_4)
FNF:5
FNH:1
FNDA:0,(anonymous_0)
FNDA:0,(anonymous_1)
FNDA:0,(anonymous_2)
FNDA:3,(anonymous_3)
FNDA:0,(anonymous_4)
DA:1,1
DA:2,1
DA:5,0
DA:6,0
DA:7,0
DA:9,0
DA:10,0
DA:14,0
DA:15,0
DA:16,0
DA:17,0
DA:18,0
DA:20,0
DA:21,0
DA:22,0
DA:24,0
DA:25,0
DA:29,0
DA:37,0
DA:38,0
DA:39,0
DA:40,0
DA:44,0
DA:45,0
DA:46,0
DA:48,0
DA:49,0
DA:53,3
DA:54,3
DA:55,3
DA:56,0
DA:57,0
DA:59,3
DA:67,3
DA:68,3
DA:69,0
DA:70,0
DA:72,3
DA:73,3
DA:77,2
DA:79,1
DA:80,1
DA:84,0
DA:85,0
DA:86,0
DA:87,0
DA:88,0
DA:90,0
DA:91,0
DA:92,0
DA:94,0
DA:95,0
DA:99,1
LF:53
LH:14
BRDA:16,0,0,0
BRDA:16,0,1,0
BRDA:38,1,0,0
BRDA:38,1,1,0
BRDA:55,2,0,0
BRDA:55,2,1,3
BRDA:68,3,0,0
BRDA:68,3,1,3
BRDA:86,4,0,0
BRDA:86,4,1,0
BRF:10
BRH:2
end_of_record
TN:
SF:controllers\usersControllers.js
FN:5,(anonymous_0)
FN:14,(anonymous_1)
FN:30,(anonymous_2)
FN:49,(anonymous_3)
FNF:4
FNH:4
FNDA:3,(anonymous_0)
FNDA:3,(anonymous_1)
FNDA:3,(anonymous_2)
FNDA:3,(anonymous_3)
DA:1,1
DA:2,1
DA:6,3
DA:7,3
DA:8,2
DA:10,1
DA:11,1
DA:15,3
DA:16,3
DA:17,3
DA:18,0
DA:22,3
DA:23,3
DA:24,2
DA:26,1
DA:27,1
DA:31,3
DA:37,3
DA:38,3
DA:39,0
DA:41,3
DA:42,3
DA:43,2
DA:45,1
DA:46,1
DA:50,3
DA:51,3
DA:52,3
DA:53,0
DA:55,3
DA:56,3
DA:57,2
DA:59,1
DA:60,1
DA:65,1
LF:35
LH:32
BRDA:17,0,0,0
BRDA:17,0,1,3
BRDA:38,1,0,0
BRDA:38,1,1,3
BRDA:52,2,0,0
BRDA:52,2,1,3
BRF:6
BRH:3
end_of_record
TN:
SF:service\authService.js
FN:6,(anonymous_0)
FN:7,(anonymous_1)
FN:9,(anonymous_2)
FN:10,(anonymous_3)
FN:19,(anonymous_4)
FN:20,(anonymous_5)
FN:27,(anonymous_6)
FN:37,(anonymous_7)
FN:52,(anonymous_8)
FN:53,(anonymous_9)
FN:55,(anonymous_10)
FN:65,(anonymous_11)
FNF:12
FNH:12
FNDA:1,(anonymous_0)
FNDA:1,(anonymous_1)
FNDA:1,(anonymous_2)
FNDA:1,(anonymous_3)
FNDA:9,(anonymous_4)
FNDA:9,(anonymous_5)
FNDA:9,(anonymous_6)
FNDA:5,(anonymous_7)
FNDA:1,(anonymous_8)
FNDA:1,(anonymous_9)
FNDA:1,(anonymous_10)
FNDA:4,(anonymous_11)
DA:1,1
DA:2,1
DA:3,1
DA:7,1
DA:8,1
DA:9,1
DA:10,1
DA:11,1
DA:12,0
DA:14,1
DA:20,9
DA:21,9
DA:28,9
DA:29,0
DA:31,9
DA:38,5
DA:39,5
DA:40,5
DA:44,5
DA:45,0
DA:47,5
DA:48,5
DA:53,1
DA:55,1
DA:56,1
DA:57,0
DA:59,1
DA:66,4
DA:67,4
DA:68,0
DA:69,0
DA:71,4
DA:75,4
DA:76,4
DA:77,4
DA:79,0
DA:80,0
DA:85,1
LF:38
LH:30
BRDA:11,0,0,0
BRDA:11,0,1,1
BRDA:28,1,0,0
BRDA:28,1,1,9
BRDA:39,2,0,5
BRDA:39,2,1,0
BRDA:44,3,0,0
BRDA:44,3,1,5
BRDA:56,4,0,0
BRDA:56,4,1,1
BRDA:67,5,0,0
BRDA:67,5,1,4
BRDA:75,6,0,4
BRDA:75,6,1,0
BRF:14
BRH:7
end_of_record
TN:
SF:service\moviesService.js
FN:3,(anonymous_0)
FN:7,(anonymous_1)
FN:14,(anonymous_2)
FN:18,(anonymous_3)
FN:25,(anonymous_4)
FNF:5
FNH:0
FNDA:0,(anonymous_0)
FNDA:0,(anonymous_1)
FNDA:0,(anonymous_2)
FNDA:0,(anonymous_3)
FNDA:0,(anonymous_4)
DA:1,1
DA:4,0
DA:5,0
DA:8,0
DA:9,0
DA:10,0
DA:12,0
DA:15,0
DA:16,0
DA:19,0
DA:20,0
DA:21,0
DA:23,0
DA:26,0
DA:27,0
DA:28,0
DA:30,0
DA:33,1
LF:18
LH:2
BRDA:9,0,0,0
BRDA:9,0,1,0
BRDA:20,1,0,0
BRDA:20,1,1,0
BRDA:27,2,0,0
BRDA:27,2,1,0
BRF:6
BRH:0
end_of_record
TN:
SF:service\usersService.js
FN:4,(anonymous_0)
FN:8,(anonymous_1)
FN:15,(anonymous_2)
FN:22,(anonymous_3)
FNF:4
FNH:0
FNDA:0,(anonymous_0)
FNDA:0,(anonymous_1)
FNDA:0,(anonymous_2)
FNDA:0,(anonymous_3)
DA:1,1
DA:5,0
DA:6,0
DA:9,0
DA:10,0
DA:11,0
DA:13,0
DA:16,0
DA:17,0
DA:18,0
DA:20,0
DA:23,0
DA:24,0
DA:25,0
DA:27,0
DA:31,1
LF:16
LH:2
BRDA:10,0,0,0
BRDA:10,0,1,0
BRDA:17,1,0,0
BRDA:17,1,1,0
BRDA:24,2,0,0
BRDA:24,2,1,0
BRF:6
BRH:0
end_of_record
